<?xml version="1.0" encoding="UTF-8"?>
<!-- Generated by org.testng.reporters.JUnitReportReporter -->
<testsuite hostname="DESKTOP-0R75OIR" failures="0" tests="1" name="toolShopDemoTests.RegisterTest" time="4.790" errors="0" timestamp="2024-04-24T15:10:05 EEST" skipped="0">
  <testcase classname="toolShopDemoTests.RegisterTest" name="registerTest" time="4.790"/>
</testsuite> <!-- toolShopDemoTests.RegisterTest -->
