<?xml version="1.0" encoding="UTF-8"?>
<!-- Generated by org.testng.reporters.JUnitReportReporter -->
<testsuite hostname="DESKTOP-VLKL7AR" failures="0" tests="2" name="toolShopTests.RegisterTest" time="11.092" errors="0" timestamp="2024-04-25T21:31:59 EEST" skipped="0">
  <testcase classname="toolShopTests.RegisterTest" name="registerTest" time="6.140"/>
  <testcase classname="toolShopTests.RegisterTest" name="verifyMandatoryFields" time="4.952"/>
</testsuite> <!-- toolShopTests.RegisterTest -->
