<?xml version="1.0" encoding="UTF-8"?>
<!-- Generated by org.testng.reporters.JUnitReportReporter -->
<testsuite hostname="DESKTOP-FVKAUBM" failures="0" tests="1" name="AddToFavouritesTest" time="1.909" errors="0" timestamp="2024-04-18T21:37:30 EEST" skipped="0">
  <testcase classname="AddToFavouritesTest" name="addToFavourites" time="1.909"/>
</testsuite> <!-- AddToFavouritesTest -->
