<?xml version="1.0" encoding="UTF-8"?>
<!-- Generated by org.testng.reporters.JUnitReportReporter -->
<testsuite hostname="DESKTOP-VLKL7AR" failures="0" tests="2" name="toolShopTests.RegisterTest" time="8.008" errors="0" timestamp="2024-04-29T21:13:53 EEST" skipped="0">
  <testcase classname="toolShopTests.RegisterTest" name="registerTest" time="5.453"/>
  <testcase classname="toolShopTests.RegisterTest" name="verifyMandatoryFields" time="2.555"/>
</testsuite> <!-- toolShopTests.RegisterTest -->
