<?xml version="1.0" encoding="UTF-8"?>
<!-- Generated by org.testng.reporters.JUnitReportReporter -->
<testsuite hostname="DESKTOP-VLKL7AR" failures="0" tests="3" name="bsDemoTest.LoginTests" time="10.844" errors="0" timestamp="2024-05-13T19:37:34 EEST" skipped="0">
  <testcase classname="bsDemoTest.LoginTests" name="lockedAccount" time="2.825"/>
  <testcase classname="bsDemoTest.LoginTests" name="successfulLogin" time="4.466"/>
  <testcase classname="bsDemoTest.LoginTests" name="unsuccessfulLogin" time="3.553"/>
</testsuite> <!-- bsDemoTest.LoginTests -->
