<?xml version="1.0" encoding="UTF-8"?>
<!-- Generated by org.testng.reporters.JUnitReportReporter -->
<testsuite hostname="DESKTOP-VLKL7AR" failures="0" tests="1" name="toolShopTests.BuyProduct" time="14.760" errors="0" timestamp="2024-04-29T21:13:53 EEST" skipped="0">
  <testcase classname="toolShopTests.BuyProduct" name="buyProduct" time="14.760"/>
</testsuite> <!-- toolShopTests.BuyProduct -->
