<?xml version="1.0" encoding="UTF-8"?>
<!-- Generated by org.testng.reporters.JUnitReportReporter -->
<testsuite hostname="misu-PC" failures="0" tests="1" name="AddToFavoritesTest" time="7.123" errors="0" timestamp="2024-04-18T21:37:39 EEST" skipped="0">
  <testcase classname="AddToFavoritesTest" name="addToFavorites" time="7.123"/>
</testsuite> <!-- AddToFavoritesTest -->
