<?xml version="1.0" encoding="UTF-8"?>
<!-- Generated by org.testng.reporters.JUnitReportReporter -->
<testsuite hostname="DESKTOP-VLKL7AR" failures="0" tests="1" name="toolShopTests.LoginTest" time="3.796" errors="0" timestamp="2024-04-29T21:13:53 EEST" skipped="0">
  <testcase classname="toolShopTests.LoginTest" name="login" time="3.796"/>
</testsuite> <!-- toolShopTests.LoginTest -->
