<?xml version="1.0" encoding="UTF-8"?>
<!-- Generated by org.testng.reporters.JUnitReportReporter -->
<testsuite hostname="DESKTOP-FVKAUBM" failures="0" tests="3" name="bsDemo.LoginTests" time="4.468" errors="0" timestamp="2024-04-22T18:59:51 EEST" skipped="0">
  <testcase classname="bsDemo.LoginTests" name="lockedAccount" time="1.429"/>
  <testcase classname="bsDemo.LoginTests" name="successfulLogin" time="1.668"/>
  <testcase classname="bsDemo.LoginTests" name="unsuccessfulLogin" time="1.371"/>
</testsuite> <!-- bsDemo.LoginTests -->
