<?xml version="1.0" encoding="UTF-8"?>
<!-- Generated by org.testng.reporters.JUnitReportReporter -->
<testsuite hostname="DESKTOP-LVQ2V63" failures="0" tests="2" name="toolShopDemoTests.RegisterTest" time="5.848" errors="0" timestamp="2024-04-27T17:49:56 EEST" skipped="0">
  <testcase classname="toolShopDemoTests.RegisterTest" name="registerTest" time="3.648"/>
  <testcase classname="toolShopDemoTests.RegisterTest" name="verifyMandatoryFields" time="2.200"/>
</testsuite> <!-- toolShopDemoTests.RegisterTest -->
