<?xml version="1.0" encoding="UTF-8"?>
<!-- Generated by org.testng.reporters.JUnitReportReporter -->
<testsuite hostname="misu-PC" failures="0" tests="3" name="browserStackDemoTests.LoginTests" time="13.978" errors="0" timestamp="2024-05-14T22:14:05 EEST" skipped="0">
  <testcase classname="browserStackDemoTests.LoginTests" name="successfulLogin" time="5.976"/>
  <testcase classname="browserStackDemoTests.LoginTests" name="lockedAccount" time="4.090"/>
  <testcase classname="browserStackDemoTests.LoginTests" name="unsuccessfulLogin" time="3.912"/>
</testsuite> <!-- browserStackDemoTests.LoginTests -->
