<?xml version="1.0" encoding="UTF-8"?>
<!-- Generated by org.testng.reporters.JUnitReportReporter -->
<testsuite hostname="DESKTOP-FVKAUBM" failures="0" tests="3" name="LoginTests" time="4.853" errors="0" timestamp="2024-04-18T21:37:30 EEST" skipped="0">
  <testcase classname="LoginTests" name="lockedAccount" time="1.504"/>
  <testcase classname="LoginTests" name="unsuccessfulLogin" time="1.591"/>
  <testcase classname="LoginTests" name="successfulLogin" time="1.758"/>
</testsuite> <!-- LoginTests -->
