<?xml version="1.0" encoding="UTF-8"?>
<!-- Generated by org.testng.reporters.JUnitReportReporter -->
<testsuite hostname="DESKTOP-VLKL7AR" failures="0" tests="1" name="bsDemoTest.BuyProductTest" time="9.941" errors="0" timestamp="2024-04-25T20:31:12 EEST" skipped="0">
  <testcase classname="bsDemoTest.BuyProductTest" name="buyProduct" time="9.941"/>
</testsuite> <!-- bsDemoTest.BuyProductTest -->
