<?xml version="1.0" encoding="UTF-8"?>
<!-- Generated by org.testng.reporters.JUnitReportReporter -->
<testsuite hostname="misu-PC" failures="0" tests="3" name="LoginTests" time="20.012" errors="0" timestamp="2024-04-18T21:37:39 EEST" skipped="0">
  <testcase classname="LoginTests" name="successfulLogin" time="6.631"/>
  <testcase classname="LoginTests" name="lockedAccount" time="7.872"/>
  <testcase classname="LoginTests" name="unsuccessfulLogin" time="5.509"/>
</testsuite> <!-- LoginTests -->
