<?xml version="1.0" encoding="UTF-8"?>
<!-- Generated by org.testng.reporters.JUnitReportReporter -->
<testsuite hostname="misu-PC" failures="0" tests="2" name="toolShopDemoTests.RegisterTest" time="16.663" errors="0" timestamp="2024-04-25T21:30:36 EEST" skipped="0">
  <testcase classname="toolShopDemoTests.RegisterTest" name="registerTest" time="8.525"/>
  <testcase classname="toolShopDemoTests.RegisterTest" name="verifyMandatoryFields" time="8.138"/>
</testsuite> <!-- toolShopDemoTests.RegisterTest -->
