<?xml version="1.0" encoding="UTF-8"?>
<!-- Generated by org.testng.reporters.JUnitReportReporter -->
<testsuite hostname="DESKTOP-LVQ2V63" failures="0" tests="1" name="toolShopDemoTests.LoginTest" time="3.425" errors="0" timestamp="2024-04-27T17:49:56 EEST" skipped="0">
  <testcase classname="toolShopDemoTests.LoginTest" name="login" time="3.425"/>
</testsuite> <!-- toolShopDemoTests.LoginTest -->
