<?xml version="1.0" encoding="UTF-8"?>
<!-- Generated by org.testng.reporters.JUnitReportReporter -->
<testsuite hostname="misu-PC" failures="0" tests="1" name="toolShopDemoTests.BuyProductTest" time="8.249" errors="0" timestamp="2024-05-14T22:14:05 EEST" skipped="0">
  <testcase classname="toolShopDemoTests.BuyProductTest" name="buyProduct" time="8.249"/>
</testsuite> <!-- toolShopDemoTests.BuyProductTest -->
