<?xml version="1.0" encoding="UTF-8"?>
<!-- Generated by org.testng.reporters.JUnitReportReporter -->
<testsuite hostname="DESKTOP-FVKAUBM" failures="0" tests="1" name="BuyProductTest" time="2.660" errors="0" timestamp="2024-04-18T21:37:30 EEST" skipped="0">
  <testcase classname="BuyProductTest" name="buyProduct" time="2.660"/>
</testsuite> <!-- BuyProductTest -->
