<?xml version="1.0" encoding="UTF-8"?>
<!-- Generated by org.testng.reporters.JUnitReportReporter -->
<testsuite hostname="DESKTOP-VLKL7AR" failures="0" tests="2" name="toolShopTests.RegisterTest" time="8.436" errors="0" timestamp="2024-05-13T19:37:34 EEST" skipped="0">
  <testcase classname="toolShopTests.RegisterTest" name="verifyMandatoryFields" time="3.141"/>
  <testcase classname="toolShopTests.RegisterTest" name="registerTest" time="5.295"/>
</testsuite> <!-- toolShopTests.RegisterTest -->
