<?xml version="1.0" encoding="UTF-8"?>
<!-- Generated by org.testng.reporters.JUnitReportReporter -->
<testsuite hostname="misu-PC" failures="0" tests="1" name="toolShopDemoTests.LoginTest" time="5.235" errors="0" timestamp="2024-05-14T22:14:05 EEST" skipped="0">
  <testcase classname="toolShopDemoTests.LoginTest" name="login" time="5.235"/>
</testsuite> <!-- toolShopDemoTests.LoginTest -->
