<?xml version="1.0" encoding="UTF-8"?>
<!-- Generated by org.testng.reporters.JUnitReportReporter -->
<testsuite hostname="misu-PC" failures="0" tests="1" name="toolShopDemoTests.BuyProductTest" time="8.143" errors="0" timestamp="2024-04-30T20:56:35 EEST" skipped="0">
  <testcase classname="toolShopDemoTests.BuyProductTest" name="buyProduct" time="8.143"/>
</testsuite> <!-- toolShopDemoTests.BuyProductTest -->
