<?xml version="1.0" encoding="UTF-8"?>
<!-- Generated by org.testng.reporters.JUnitReportReporter -->
<testsuite hostname="misu-PC" failures="0" tests="1" name="browserStackDemoTests.BuyProductTest" time="7.403" errors="0" timestamp="2024-05-14T22:14:05 EEST" skipped="0">
  <testcase classname="browserStackDemoTests.BuyProductTest" name="buyProduct" time="7.403"/>
</testsuite> <!-- browserStackDemoTests.BuyProductTest -->
