<?xml version="1.0" encoding="UTF-8"?>
<!-- Generated by org.testng.reporters.JUnitReportReporter -->
<testsuite hostname="DESKTOP-VLKL7AR" failures="0" tests="1" name="toolShopTests.LoginTest" time="7.661" errors="0" timestamp="2024-04-25T21:31:59 EEST" skipped="0">
  <testcase classname="toolShopTests.LoginTest" name="login" time="7.661"/>
</testsuite> <!-- toolShopTests.LoginTest -->
