<?xml version="1.0" encoding="UTF-8"?>
<!-- Generated by org.testng.reporters.JUnitReportReporter -->
<testsuite hostname="DESKTOP-VLKL7AR" failures="0" tests="3" name="bsDemoTest.LoginTests" time="13.027" errors="0" timestamp="2024-04-25T20:31:12 EEST" skipped="0">
  <testcase classname="bsDemoTest.LoginTests" name="unsuccessfulLogin" time="4.156"/>
  <testcase classname="bsDemoTest.LoginTests" name="lockedAccount" time="3.700"/>
  <testcase classname="bsDemoTest.LoginTests" name="successfulLogin" time="5.171"/>
</testsuite> <!-- bsDemoTest.LoginTests -->
