<?xml version="1.0" encoding="UTF-8"?>
<!-- Generated by org.testng.reporters.JUnitReportReporter -->
<testsuite hostname="misu-PC" failures="0" tests="2" name="toolShopDemoTests.RegisterTest" time="12.881" errors="0" timestamp="2024-04-30T20:56:35 EEST" skipped="0">
  <testcase classname="toolShopDemoTests.RegisterTest" name="verifyMandatoryFields" time="6.231"/>
  <testcase classname="toolShopDemoTests.RegisterTest" name="registerTest" time="6.650"/>
</testsuite> <!-- toolShopDemoTests.RegisterTest -->
