<?xml version="1.0" encoding="UTF-8"?>
<!-- Generated by org.testng.reporters.JUnitReportReporter -->
<testsuite hostname="DESKTOP-FVKAUBM" failures="0" tests="1" name="bsDemo.BuyProductTest" time="2.467" errors="0" timestamp="2024-04-22T18:59:51 EEST" skipped="0">
  <testcase classname="bsDemo.BuyProductTest" name="buyProduct" time="2.467"/>
</testsuite> <!-- bsDemo.BuyProductTest -->
