<?xml version="1.0" encoding="UTF-8"?>
<!-- Generated by org.testng.reporters.JUnitReportReporter -->
<testsuite hostname="misu-PC" failures="0" tests="1" name="browserStackDemoTests.AddToFavoritesTest" time="4.914" errors="0" timestamp="2024-05-14T22:14:05 EEST" skipped="0">
  <testcase classname="browserStackDemoTests.AddToFavoritesTest" name="addToFavorites" time="4.914"/>
</testsuite> <!-- browserStackDemoTests.AddToFavoritesTest -->
