<?xml version="1.0" encoding="UTF-8"?>
<!-- Generated by org.testng.reporters.JUnitReportReporter -->
<testsuite hostname="misu-PC" failures="0" tests="2" name="toolShopDemoTests.RegisterTest" time="10.245" errors="0" timestamp="2024-05-14T22:14:05 EEST" skipped="0">
  <testcase classname="toolShopDemoTests.RegisterTest" name="verifyMandatoryFields" time="4.181"/>
  <testcase classname="toolShopDemoTests.RegisterTest" name="registerTest" time="6.064"/>
</testsuite> <!-- toolShopDemoTests.RegisterTest -->
