<?xml version="1.0" encoding="UTF-8"?>
<!-- Generated by org.testng.reporters.JUnitReportReporter -->
<testsuite hostname="misu-PC" failures="0" tests="1" name="toolShopDemoTests.LoginTest" time="6.326" errors="0" timestamp="2024-04-25T21:30:36 EEST" skipped="0">
  <testcase classname="toolShopDemoTests.LoginTest" name="login" time="6.326"/>
</testsuite> <!-- toolShopDemoTests.LoginTest -->
